::1 - - [05/Sep/2023:17:34:50 +0000] "POST /api/v1/createBlog HTTP/1.1" - - "-" "PostmanRuntime/7.32.3"
::1 - - [05/Sep/2023:17:36:38 +0000] "POST /api/v1/createBlog HTTP/1.1" - - "-" "PostmanRuntime/7.32.3"
::1 - - [05/Sep/2023:17:36:53 +0000] "POST /api/v1/createBlog HTTP/1.1" - - "-" "PostmanRuntime/7.32.3"
::1 - - [05/Sep/2023:18:09:56 +0000] "POST /api/v1/createBlog HTTP/1.1" - - "-" "PostmanRuntime/7.32.3"
::1 - - [05/Sep/2023:18:24:17 +0000] "POST /api/v1/createBlog HTTP/1.1" - - "-" "PostmanRuntime/7.32.3"
::1 - - [05/Sep/2023:18:25:11 +0000] "POST /api/v1/createBlog HTTP/1.1" - - "-" "PostmanRuntime/7.32.3"
::1 - - [06/Sep/2023:05:03:18 +0000] "POST /api/v1/createBlog HTTP/1.1" - - "-" "PostmanRuntime/7.32.3"
::1 - - [06/Sep/2023:05:20:40 +0000] "POST /api/v1/createBlog HTTP/1.1" - - "-" "PostmanRuntime/7.32.3"
::1 - - [06/Sep/2023:05:26:03 +0000] "POST /api/v1/createBlog HTTP/1.1" 404 157 "-" "PostmanRuntime/7.32.3"
::1 - - [06/Sep/2023:05:26:58 +0000] "POST /api/v1/blog/createBlog HTTP/1.1" - - "-" "PostmanRuntime/7.32.3"
::1 - - [06/Sep/2023:05:57:52 +0000] "POST /api/v1/blog/createBlog HTTP/1.1" - - "-" "PostmanRuntime/7.32.3"
::1 - - [06/Sep/2023:06:07:54 +0000] "POST /api/v1/blog/createBlog HTTP/1.1" - - "-" "PostmanRuntime/7.32.3"
::1 - - [06/Sep/2023:06:08:08 +0000] "POST /api/v1/blog/createBlog HTTP/1.1" 500 48 "-" "PostmanRuntime/7.32.3"
::1 - - [06/Sep/2023:06:09:16 +0000] "POST /api/v1/blog/createBlog HTTP/1.1" - - "-" "PostmanRuntime/7.32.3"
::1 - - [06/Sep/2023:06:33:21 +0000] "POST /api/v1/blog/createBlog HTTP/1.1" - - "-" "PostmanRuntime/7.32.3"
::1 - - [06/Sep/2023:06:34:20 +0000] "POST /api/v1/blog/createBlog HTTP/1.1" - - "-" "PostmanRuntime/7.32.3"
::1 - - [06/Sep/2023:06:34:51 +0000] "POST /api/v1/blog/createBlog HTTP/1.1" - - "-" "PostmanRuntime/7.32.3"
::1 - - [06/Sep/2023:06:48:12 +0000] "POST /api/v1/blog/createBlog HTTP/1.1" - - "-" "PostmanRuntime/7.32.3"
::1 - - [06/Sep/2023:06:49:14 +0000] "POST /api/v1/blog/createBlog HTTP/1.1" - - "-" "PostmanRuntime/7.32.3"
::1 - - [06/Sep/2023:06:50:13 +0000] "POST /api/v1/blog/createBlog HTTP/1.1" - - "-" "PostmanRuntime/7.32.3"
::1 - - [06/Sep/2023:12:18:50 +0000] "POST /api/v1/blog/createBlog HTTP/1.1" 200 397 "-" "PostmanRuntime/7.32.3"
::1 - - [06/Sep/2023:12:37:11 +0000] "PUT /api/v1/updateBlog/ HTTP/1.1" 404 157 "-" "PostmanRuntime/7.32.3"
::1 - - [06/Sep/2023:12:40:11 +0000] "PUT /api/v1/blog/updateBlog/db0505fc-3b24-4640-8abb-40676af3fa20 HTTP/1.1" - - "-" "PostmanRuntime/7.32.3"
::1 - - [06/Sep/2023:12:52:24 +0000] "PUT /api/v1/blog/updateBlog/db0505fc-3b24-4640-8abb-40676af3fa20 HTTP/1.1" - - "-" "PostmanRuntime/7.32.3"
::1 - - [06/Sep/2023:14:47:57 +0000] "PUT /api/v1/blog/updateBlog/db0505fc-3b24-4640-8abb-40676af3fa20 HTTP/1.1" - - "-" "PostmanRuntime/7.32.3"
::1 - - [06/Sep/2023:15:08:02 +0000] "PUT /api/v1/blog/updateBlog/db0505fc-3b24-4640-8abb-40676af3fa20 HTTP/1.1" - - "-" "PostmanRuntime/7.32.3"
::1 - - [06/Sep/2023:15:30:20 +0000] "POST /api/v1/blog/updateBlog/db0505fc-3b24-4640-8abb-40676af3fa20 HTTP/1.1" 404 199 "-" "PostmanRuntime/7.32.3"
::1 - - [06/Sep/2023:15:31:48 +0000] "POST /api/v1/blog/updateBlog/db0505fc3b2446408abb40676af3fa20 HTTP/1.1" 404 195 "-" "PostmanRuntime/7.32.3"
::1 - - [06/Sep/2023:15:41:09 +0000] "PUT /api/v1/blog/updateBlog/db0505fc3b2446408abb40676af3fa20 HTTP/1.1" - - "-" "PostmanRuntime/7.32.3"
::1 - - [06/Sep/2023:15:43:17 +0000] "PUT /api/v1/blog/updateBlog/db0505fc3b2446408abb40676af3fa20 HTTP/1.1" - - "-" "PostmanRuntime/7.32.3"
::1 - - [06/Sep/2023:15:44:57 +0000] "PUT /api/v1/blog/updateBlog/db0505fc3b2446408abb40676af3fa20 HTTP/1.1" - - "-" "PostmanRuntime/7.32.3"
::1 - - [06/Sep/2023:15:52:07 +0000] "PUT /api/v1/blog/updateBlog/db0505fc3b2446408abb40676af3fa20 HTTP/1.1" - - "-" "PostmanRuntime/7.32.3"
::1 - - [06/Sep/2023:16:04:39 +0000] "PUT /api/v1/blog/updateBlog/db0505fc3b2446408abb40676af3fa20 HTTP/1.1" - - "-" "PostmanRuntime/7.32.3"
::1 - - [06/Sep/2023:16:18:58 +0000] "PUT /api/v1/blog/updateBlog/db0505fc3b2446408abb40676af3fa20 HTTP/1.1" - - "-" "PostmanRuntime/7.32.3"
::1 - - [06/Sep/2023:16:19:54 +0000] "PUT /api/v1/blog/updateBlog/db0505fc3b2446408abb40676af3fa20 HTTP/1.1" - - "-" "PostmanRuntime/7.32.3"
::1 - - [06/Sep/2023:16:21:53 +0000] "PUT /api/v1/blog/updateBlog/db0505fc3b2446408abb40676af3fa20 HTTP/1.1" - - "-" "PostmanRuntime/7.32.3"
::1 - - [06/Sep/2023:16:36:42 +0000] "PUT /api/v1/blog/updateBlog/db0505fc3b2446408abb40676af3fa20 HTTP/1.1" - - "-" "PostmanRuntime/7.32.3"
::1 - - [06/Sep/2023:16:38:29 +0000] "PUT /api/v1/blog/updateBlog/db0505fc3b2446408abb40676af3fa20 HTTP/1.1" - - "-" "PostmanRuntime/7.32.3"
::1 - - [06/Sep/2023:16:42:53 +0000] "PUT /api/v1/blog/updateBlog/db0505fc3b2446408abb40676af3fa20 HTTP/1.1" - - "-" "PostmanRuntime/7.32.3"
::1 - - [06/Sep/2023:16:46:20 +0000] "PUT /api/v1/blog/updateBlog/db0505fc3b2446408abb40676af3fa20 HTTP/1.1" - - "-" "PostmanRuntime/7.32.3"
::1 - - [06/Sep/2023:17:16:10 +0000] "PUT /api/v1/blog/updateBlog/db0505fc3b2446408abb40676af3fa20 HTTP/1.1" - - "-" "PostmanRuntime/7.32.3"
::1 - - [06/Sep/2023:17:34:56 +0000] "PUT /api/v1/blog/updateBlog/db0505fc3b2446408abb40676af3fa20 HTTP/1.1" - - "-" "PostmanRuntime/7.32.3"
::1 - - [06/Sep/2023:17:44:11 +0000] "PUT /api/v1/blog/updateBlog/db0505fc3b2446408abb40676af3fa20 HTTP/1.1" - - "-" "PostmanRuntime/7.32.3"
::1 - - [06/Sep/2023:17:47:39 +0000] "PUT /api/v1/blog/updateBlog/db0505fc3b2446408abb40676af3fa20 HTTP/1.1" - - "-" "PostmanRuntime/7.32.3"
::1 - - [06/Sep/2023:18:16:39 +0000] "PUT /api/v1/blog/updateBlog/db0505fc3b2446408abb40676af3fa20 HTTP/1.1" - - "-" "PostmanRuntime/7.32.3"
::1 - - [06/Sep/2023:19:27:24 +0000] "PUT /api/v1/blog/updateBlog/db0505fc3b2446408abb40676af3fa20 HTTP/1.1" - - "-" "PostmanRuntime/7.32.3"
::1 - - [06/Sep/2023:19:27:38 +0000] "PUT /api/v1/blog/updateBlog/db0505fc-3b24-4640-8abb-40676af3fa20 HTTP/1.1" 200 493 "-" "PostmanRuntime/7.32.3"
::1 - - [06/Sep/2023:19:50:57 +0000] "GET /api/v1/blog/getBlog/db0505fc-3b24-4640-8abb-40676af3fa20 HTTP/1.1" - - "-" "PostmanRuntime/7.32.3"
::1 - - [06/Sep/2023:19:56:18 +0000] "GET /api/v1/blog/getBlog/db0505fc-3b24-4640-8abb-40676af3fa20 HTTP/1.1" 200 420 "-" "PostmanRuntime/7.32.3"
::1 - - [06/Sep/2023:20:00:28 +0000] "GET /api/v1/blog/getBlogs HTTP/1.1" 200 595 "-" "PostmanRuntime/7.32.3"
::1 - - [06/Sep/2023:20:33:38 +0000] "PUT /api/v1/blog/likeBlog HTTP/1.1" - - "-" "PostmanRuntime/7.32.3"
::1 - - [06/Sep/2023:20:35:53 +0000] "PUT /api/v1/blog/likeBlog/db0505fc-3b24-4640-8abb-40676af3fa20 HTTP/1.1" 200 420 "-" "PostmanRuntime/7.32.3"
::1 - - [06/Sep/2023:20:39:22 +0000] "PUT /api/v1/blog/likeBlog/db0505fc-3b24-4640-8abb-40676af3fa20 HTTP/1.1" 200 420 "-" "PostmanRuntime/7.32.3"
::1 - - [06/Sep/2023:20:40:35 +0000] "PUT /api/v1/blog/viewBlog/db0505fc-3b24-4640-8abb-40676af3fa20 HTTP/1.1" 200 420 "-" "PostmanRuntime/7.32.3"
::1 - - [06/Sep/2023:20:43:38 +0000] "DELETE /api/v1/blog/deleteBlog/db0505fc-3b24-4640-8abb-40676af3fa20 HTTP/1.1" 200 157 "-" "PostmanRuntime/7.32.3"
::1 - - [06/Sep/2023:20:46:43 +0000] "POST /api/v1/blog/createBlog HTTP/1.1" 200 397 "-" "PostmanRuntime/7.32.3"
::1 - - [06/Sep/2023:20:47:08 +0000] "DELETE /api/v1/blog/deleteAllBlog HTTP/1.1" 200 35 "-" "PostmanRuntime/7.32.3"
::1 - - [06/Sep/2023:20:47:40 +0000] "DELETE /api/v1/blog/deleteAllBlog HTTP/1.1" 200 35 "-" "PostmanRuntime/7.32.3"
::1 - - [07/Sep/2023:04:00:29 +0000] "DELETE /api/v1/blog/deleteAllBlog HTTP/1.1" 200 35 "-" "PostmanRuntime/7.32.3"
::1 - - [07/Sep/2023:04:00:46 +0000] "DELETE /api/v1/blog/deleteAllBlog HTTP/1.1" 200 35 "-" "PostmanRuntime/7.32.3"
::1 - - [07/Sep/2023:04:07:20 +0000] "POST /api/v1/blog/createBlog HTTP/1.1" 200 397 "-" "PostmanRuntime/7.32.3"
::1 - - [07/Sep/2023:04:08:16 +0000] "POST /api/v1/blog/createBlog HTTP/1.1" 200 396 "-" "PostmanRuntime/7.32.3"
::1 - - [07/Sep/2023:04:42:49 +0000] "POST /api/v1/blog/createBlog HTTP/1.1" 200 382 "-" "PostmanRuntime/7.32.3"
::1 - - [07/Sep/2023:04:44:37 +0000] "POST /api/v1/category/createCategory HTTP/1.1" - - "-" "PostmanRuntime/7.32.3"
::1 - - [07/Sep/2023:04:48:53 +0000] "POST /api/v1/category/createCategory HTTP/1.1" - - "-" "PostmanRuntime/7.32.3"
::1 - - [07/Sep/2023:05:15:03 +0000] "POST /api/v1/category/createCategory HTTP/1.1" - - "-" "PostmanRuntime/7.32.3"
::1 - - [07/Sep/2023:05:17:45 +0000] "POST /api/v1/category/createCategory HTTP/1.1" - - "-" "PostmanRuntime/7.32.3"
::1 - - [07/Sep/2023:05:22:10 +0000] "POST /api/v1/category/createCategory HTTP/1.1" - - "-" "PostmanRuntime/7.32.3"
::1 - - [07/Sep/2023:05:23:20 +0000] "POST /api/v1/category/createCategory HTTP/1.1" - - "-" "PostmanRuntime/7.32.3"
::1 - - [07/Sep/2023:05:26:01 +0000] "POST /api/v1/category/createCategory HTTP/1.1" - - "-" "PostmanRuntime/7.32.3"
::1 - - [07/Sep/2023:05:31:27 +0000] "POST /api/v1/category/createCategory HTTP/1.1" - - "-" "PostmanRuntime/7.32.3"
::1 - - [07/Sep/2023:05:34:13 +0000] "POST /api/v1/category/createCategory HTTP/1.1" - - "-" "PostmanRuntime/7.32.3"
::1 - - [07/Sep/2023:05:41:38 +0000] "POST /api/v1/category/createCategory HTTP/1.1" - - "-" "PostmanRuntime/7.32.3"
::1 - - [07/Sep/2023:05:53:05 +0000] "POST /api/v1/category/createCategory HTTP/1.1" - - "-" "PostmanRuntime/7.32.3"
::1 - - [07/Sep/2023:06:07:37 +0000] "POST /api/v1/category/createCategory HTTP/1.1" - - "-" "PostmanRuntime/7.32.3"
::1 - - [07/Sep/2023:06:08:32 +0000] "POST /api/v1/category/createCategory HTTP/1.1" - - "-" "PostmanRuntime/7.32.3"
::1 - - [07/Sep/2023:06:10:46 +0000] "POST /api/v1/category/createCategory HTTP/1.1" - - "-" "PostmanRuntime/7.32.3"
::1 - - [07/Sep/2023:06:17:18 +0000] "POST /api/v1/category/createCategory HTTP/1.1" - - "-" "PostmanRuntime/7.32.3"
::1 - - [07/Sep/2023:06:48:45 +0000] "POST /api/v1/category/createCategory HTTP/1.1" - - "-" "PostmanRuntime/7.32.3"
::1 - - [07/Sep/2023:07:04:12 +0000] "POST /api/v1/category/createCategory HTTP/1.1" - - "-" "PostmanRuntime/7.32.3"
::1 - - [07/Sep/2023:07:17:24 +0000] "POST /api/v1/categor/createCategory HTTP/1.1" 404 169 "-" "PostmanRuntime/7.32.3"
::1 - - [07/Sep/2023:08:03:41 +0000] "POST /api/v1/category/createCategory HTTP/1.1" - - "-" "PostmanRuntime/7.32.3"
::1 - - [07/Sep/2023:08:03:44 +0000] "POST /api/v1/category/createCategory/68b9e80b-713b-4ac7-a427-115b8c916db6 HTTP/1.1" 404 207 "-" "PostmanRuntime/7.32.3"
::1 - - [07/Sep/2023:08:09:12 +0000] "POST /api/v1/category/createCategory HTTP/1.1" - - "-" "PostmanRuntime/7.32.3"
::1 - - [07/Sep/2023:08:11:22 +0000] "POST /api/v1/category/createCategory HTTP/1.1" - - "-" "PostmanRuntime/7.32.3"
::1 - - [07/Sep/2023:08:14:26 +0000] "POST /api/v1/category/createCategory HTTP/1.1" - - "-" "PostmanRuntime/7.32.3"
::1 - - [07/Sep/2023:08:51:27 +0000] "POST /api/v1/category/createCategory HTTP/1.1" - - "-" "PostmanRuntime/7.32.3"
::1 - - [07/Sep/2023:09:33:06 +0000] "POST /api/v1/category/createCategory HTTP/1.1" - - "-" "PostmanRuntime/7.32.3"
::1 - - [07/Sep/2023:11:20:18 +0000] "POST /api/v1/category/createCategory HTTP/1.1" - - "-" "PostmanRuntime/7.32.3"
::1 - - [07/Sep/2023:11:20:29 +0000] "POST /api/v1/blog/createBlog HTTP/1.1" 200 382 "-" "PostmanRuntime/7.32.3"
::1 - - [07/Sep/2023:11:25:44 +0000] "POST /api/v1/blog/createBlog HTTP/1.1" 200 504 "-" "PostmanRuntime/7.32.3"
::1 - - [07/Sep/2023:11:29:58 +0000] "POST /api/v1/blog/createBlog HTTP/1.1" 200 383 "-" "PostmanRuntime/7.32.3"
::1 - - [07/Sep/2023:11:35:11 +0000] "POST /api/v1/category/createCategory HTTP/1.1" 200 274 "-" "PostmanRuntime/7.32.3"
::1 - - [07/Sep/2023:11:37:20 +0000] "POST /api/v1/category/createCategory HTTP/1.1" 200 317 "-" "PostmanRuntime/7.32.3"
::1 - - [07/Sep/2023:12:19:00 +0000] "POST /api/v1/category/createCategory HTTP/1.1" - - "-" "PostmanRuntime/7.32.3"
::1 - - [07/Sep/2023:12:24:01 +0000] "POST /api/v1/category/createCategory HTTP/1.1" 200 307 "-" "PostmanRuntime/7.32.3"
::1 - - [07/Sep/2023:12:35:17 +0000] "PUT /api/v1/category/updateCategory/bfb10ecc-0956-4d99-ac4c-aab69c613025 HTTP/1.1" - - "-" "PostmanRuntime/7.32.3"
::1 - - [07/Sep/2023:14:08:19 +0000] "PUT /api/v1/category/updateCategory/bfb10ecc-0956-4d99-ac4c-aab69c613025 HTTP/1.1" - - "-" "PostmanRuntime/7.32.3"
::1 - - [07/Sep/2023:14:17:50 +0000] "GET /api/v1/category/createCategory/2415bc1c-722f-4f13-a124-22e9a86d3711 HTTP/1.1" 404 206 "-" "PostmanRuntime/7.32.3"
::1 - - [07/Sep/2023:14:19:28 +0000] "GET /api/v1/category/getCategories HTTP/1.1" 404 168 "-" "PostmanRuntime/7.32.3"
::1 - - [07/Sep/2023:14:19:43 +0000] "GET /api/v1/category/getAllCategories HTTP/1.1" 404 171 "-" "PostmanRuntime/7.32.3"
::1 - - [07/Sep/2023:14:21:01 +0000] "GET /api/v1/category/categories HTTP/1.1" 200 778 "-" "PostmanRuntime/7.32.3"
::1 - - [07/Sep/2023:14:32:28 +0000] "GET /api/v1/category/category/7b8c04c9-b60d-4da4-a815-cd12b1750187 HTTP/1.1" 200 319 "-" "PostmanRuntime/7.32.3"
::1 - - [07/Sep/2023:14:35:32 +0000] "DELETE /api/v1/category/category/7b8c04c9-b60d-4da4-a815-cd12b1750187 HTTP/1.1" 404 203 "-" "PostmanRuntime/7.32.3"
::1 - - [07/Sep/2023:14:36:25 +0000] "DELETE /api/v1/category/deleteCategory/7b8c04c9-b60d-4da4-a815-cd12b1750187 HTTP/1.1" - - "-" "PostmanRuntime/7.32.3"
::1 - - [07/Sep/2023:14:39:00 +0000] "DELETE /api/v1/category/deleteCategory/7b8c04c9-b60d-4da4-a815-cd12b1750187 HTTP/1.1" - - "-" "PostmanRuntime/7.32.3"
::1 - - [07/Sep/2023:14:41:05 +0000] "DELETE /api/v1/category/deleteCategory/7b8c04c9-b60d-4da4-a815-cd12b1750187 HTTP/1.1" - - "-" "PostmanRuntime/7.32.3"
::1 - - [07/Sep/2023:14:43:25 +0000] "DELETE /api/v1/category/deleteCategory/7b8c04c9-b60d-4da4-a815-cd12b1750187 HTTP/1.1" - - "-" "PostmanRuntime/7.32.3"
::1 - - [07/Sep/2023:14:51:20 +0000] "DELETE /api/v1/category/deleteCategory/7b8c04c9-b60d-4da4-a815-cd12b1750187 HTTP/1.1" - - "-" "PostmanRuntime/7.32.3"
::1 - - [07/Sep/2023:14:53:57 +0000] "DELETE /api/v1/category/deleteCategory/bfb10ecc-0956-4d99-ac4c-aab69c613025 HTTP/1.1" - - "-" "PostmanRuntime/7.32.3"
::1 - - [07/Sep/2023:15:49:40 +0000] "DELETE /api/v1/category/deleteCategory/bfb10ecc-0956-4d99-ac4c-aab69c613025 HTTP/1.1" - - "-" "PostmanRuntime/7.32.3"
::1 - - [07/Sep/2023:17:04:00 +0000] "DELETE /api/v1/category/deleteCategory/bfb10ecc-0956-4d99-ac4c-aab69c613025 HTTP/1.1" - - "-" "PostmanRuntime/7.32.3"
::1 - - [07/Sep/2023:18:41:31 +0000] "DELETE /api/v1/category/deleteCategory/bfb10ecc-0956-4d99-ac4c-aab69c613025 HTTP/1.1" - - "-" "PostmanRuntime/7.32.3"
::1 - - [07/Sep/2023:18:44:27 +0000] "DELETE /api/v1/category/deleteCategory/bfb10ecc-0956-4d99-ac4c-aab69c613025 HTTP/1.1" - - "-" "PostmanRuntime/7.32.3"
::1 - - [07/Sep/2023:18:56:03 +0000] "DELETE /api/v1/category/deleteCategory/186433e4-9c8e-401d-a18e-42c6f65b2ced HTTP/1.1" - - "-" "PostmanRuntime/7.32.3"
::1 - - [07/Sep/2023:20:07:44 +0000] "DELETE /api/v1/category/deleteCategory/186433e4-9c8e-401d-a18e-42c6f65b2ced HTTP/1.1" - - "-" "PostmanRuntime/7.32.3"
::1 - - [08/Sep/2023:03:17:30 +0000] "DELETE /api/v1/category/deleteCategory/bfb10ecc-0956-4d99-ac4c-aab69c613025 HTTP/1.1" - - "-" "PostmanRuntime/7.32.3"
::1 - - [08/Sep/2023:04:09:19 +0000] "DELETE /api/v1/category/deleteCategory/bfb10ecc-0956-4d99-ac4c-aab69c613025 HTTP/1.1" 200 389 "-" "PostmanRuntime/7.32.3"
::1 - - [08/Sep/2023:04:36:14 +0000] "POST /api/v1/comment/addComment HTTP/1.1" - - "-" "PostmanRuntime/7.32.3"
::1 - - [08/Sep/2023:04:41:44 +0000] "POST /api/v1/comment/addComment HTTP/1.1" - - "-" "PostmanRuntime/7.32.3"
::1 - - [08/Sep/2023:04:44:28 +0000] "POST /api/v1/comment/addComment HTTP/1.1" 200 306 "-" "PostmanRuntime/7.32.3"
::1 - - [08/Sep/2023:04:54:35 +0000] "POST /api/v1/comment/addComment HTTP/1.1" 200 330 "-" "PostmanRuntime/7.32.3"
::1 - - [08/Sep/2023:05:15:17 +0000] "POST /api/v1/comment/deleteComment/b4939739-0385-4e05-97ff-fd0ef71c0a2e HTTP/1.1" 404 205 "-" "PostmanRuntime/7.32.3"
::1 - - [08/Sep/2023:05:16:23 +0000] "DELETE /api/v1/comment/deleteComment/b4939739-0385-4e05-97ff-fd0ef71c0a2e HTTP/1.1" 200 386 "-" "PostmanRuntime/7.32.3"
::1 - - [08/Sep/2023:05:25:53 +0000] "DELETE /api/v1/category/deleteCategory/186433e4-9c8e-401d-a18e-42c6f65b2ced HTTP/1.1" 200 328 "-" "PostmanRuntime/7.32.3"
